Case #1:
0.5
0.5
0.5
Case #2:
0.6458333333333333
0.3680555555555555
0.6041666666666666
0.3958333333333333
Case #3:
0.5804747732426304
0.6403677721088435
0.38300396825396826
0.4733353174603175
0.6353141534391535
0.2642685185185185
0.5164847883597883
0.4287896825396825
0.4269775132275133
0.4268307114512472
0.634375531462585
0.45204861111111116
0.46965608465608466
0.3829100529100529
0.37814070767195773
0.26892361111111107
0.5984126984126985
0.40509424603174604
0.40359977324263036
0.45935515873015875
0.6192088293650794
0.6249222883597882
0.5025843253968254
0.2579475308641975
0.43333884479717816
0.46289635298563875
0.549770171957672
0.6296745086923659
0.5034672619047619
0.43270368795666414
0.4578264023863513
0.600218253968254
0.5192708333333333
0.6391307043650793
0.3640410052910053
0.41227931648850014
0.5309457671957672
0.5455497685185186
0.725082671957672
0.502761175898931
0.45389192581794624
0.6388690476190476
0.5085813492063491
0.4999613508597884
0.5994262566137567
0.42861961451247166
0.6075396825396826
0.33498885109599397
0.4892738095238095
0.42647170847505667
0.538116762329932
0.5339649470899471
0.4429166666666667
0.6617743764172336
0.522921626984127
0.4839988425925926
0.3688988095238095
0.520735229276896
0.48932126322751324
0.41712962962962963
0.7220196759259259
0.5768518518518518
0.40672495039682544
0.6780478395061729
0.46724785052910056
0.4873567019400352
0.4558779761904762
0.5240109126984127
0.4621087490551776
0.3394510582010582
0.3993816137566138
0.5646011904761904
0.42191269841269835
0.5412414965986394
0.61791832010582
0.43735189909297045
0.5910108024691358
0.6024955908289241
0.44272927689594355
0.6751851851851852
0.5224186665406904
0.4687095497921391
0.6981150793650793
0.5781339285714286
0.44375023620559334
0.5333361678004536
0.5320684523809524
0.48380456349206347
0.5114090844671202
0.6350380291005291
0.6027455357142857
0.4890277777777778
0.46643964684639294
0.6076421957671958
0.4976554232804233
0.4334325396825397
0.5597401738473167
0.38276903817082386
0.7948784722222222
0.3395777529761905
Case #4:
0.4637612873723014
0.4367569061533952
0.512552211251781
0.45978654047474654
0.5935718166396011
0.5051380411123554
0.5480094703541144
0.43022144226649955
0.49173417176880063
0.5525869810612952
0.4615001048334382
0.5245460825658512
0.5326040589308572
0.46877239522277175
0.5073532318659068
0.5363781878410374
0.47031997718146795
0.5086911150829925
Case #5:
0.5550230341705864
0.47985361561809475
0.5523455856523554
0.4972443734416622
0.4566926926755311
0.39446456872645347
0.4483410155004448
0.5477579181023948
0.5308449689506177
0.5662078992072894
0.5142779939461865
0.42061466811144466
0.5140152280787772
0.5244486496242525
0.5193439648031083
0.5602832546704961
0.5564165269834433
0.5610458719750171
0.5279835221586371
0.5296115030715042
0.5326563843365427
0.5303014143525728
0.5485295154641504
0.5684311036612586
0.42184047886738496
0.5479669489299905
0.5605993152429309
0.4031458405785975
0.4095626636424509
0.45982597558313965
0.5062985233581541
0.43659167697096407
0.4573182426426061
0.4748218531595112
0.523221312201384
0.5308510514558145
0.46777222575429195
0.5034881276661387
0.47255257547382895
0.5509957140735879
0.5219348865173133
0.4500566410154624
0.5584411218263059
0.5032187070310327
0.4493216093986123
0.561704159293907
0.4370213102135001
0.5310739505700159
0.5340920776360134
0.42661069334902946
0.5819564289633861
0.5347186156101157
0.5507524817367987
0.45166126515854965
0.4432144689246391
0.5178974211406715
0.47590236702713373
0.5162076670591751
0.4919345943130907
0.530109282495155
0.5509619319382892
0.569698396657851
0.4693660710358095
0.4654554626983327
0.483798623018683
0.5173709193125925
0.49936673451796354
0.3996346908238437
0.45936993876313026
0.4954917284304177
0.5236841426992782
0.5241719089259467
0.5528226232087259
0.5351572930043303
0.4690088693878041
0.5246685533774486
0.4080451228837405
0.5010568404190496
0.39146745299552516
0.5428027866816357
0.4934867711333219
0.5422169213959525
0.5029651753021493
0.376292332746911
0.400631432287892
0.43414174244557086
0.5438264404416125
0.5390142594118552
0.5119278331980837
0.5414655487887796
0.5456203136641986
0.4821707760019769
0.5035558764885013
0.43953117328869723
0.5606187450708895
0.4986810897071402
0.5277995165622377
0.5196501573358878
0.5024731750327456
0.4678518151431991
Case #6:
0.5384406899951832
0.5087172464691295
0.43553586797805693
0.48882355691626533
0.4238808607159446
0.4343175769563736
0.5248904684368983
0.4610571879890011
0.5625032894028807
0.4782866332617966
0.6119511013238765
0.4336184056141643
0.5290857302926155
0.49596541969264907
0.5053519322667984
0.47347366432204396
0.3726103112975898
0.49673673203983115
0.4990817894559544
0.49028871557245157
0.38067359480843016
0.4157367052426203
0.5308425645266095
0.3753451997787017
0.4976888052435092
0.48936975892345935
0.4602071333077713
0.5782614061862273
0.5196921885406581
0.5334281152832079
0.47403452463448986
0.45697645392295
0.5293385383082754
0.5517992257254801
0.4784988454160448
0.41866873129661164
0.5599197110702447
0.5476688034546585
0.5457839877588156
0.6105653046821585
0.5760118947753798
0.46998725509527883
0.4598360134031746
0.47004771503999576
0.4980135559207382
0.5137238457899835
0.535633072025079
0.5496345317007041
0.5138009323555195
0.38746966833920105
0.5775895258349742
0.5230703085833454
0.6452898394767728
0.5397061402911446
0.5313583325737745
0.5320799786464403
0.4958377293369523
0.42124689518416175
0.4843600901563977
0.4708838596769915
0.48605263723804654
0.478943175291487
0.5111112540179097
0.4693827936621876
0.547165393458638
0.5188574675262545
0.46920160883620177
0.5235948777697043
0.5220302933086497
0.45372135641309097
0.5501362124079269
0.5556864556406484
0.5113892142887271
0.46129989898756496
0.5480717352429176
0.6196120138541463
0.4632961692850359
0.49058147839585725
0.5242780912562296
0.5122854171429463
0.5533162743402666
0.5224109147377098
0.581673698090805
0.36244862196625915
0.44114338618509974
0.48162149843251195
0.45601314760714895
0.5408360540491493
0.5462272698586704
0.5290650208606346
0.5127275600822304
Case #7:
0.46294113157306005
0.42358302400240644
0.5201984710758045
0.4442334629749143
0.4613920095760858
0.5128520393859314
0.49090542853915253
0.5395303522555075
0.568176006895201
0.49143320614162483
0.6089661985752108
0.5754242809201299
0.37585832592981055
0.3818870244291445
0.5143169450810552
0.44608221172533374
0.48423707904606383
0.5974289085363812
0.4900676518766709
0.48222275510639556
0.4958811497486651
0.47449113984440733
0.46603925700987203
0.45503750790637476
0.48751388560834996
0.6013207081972858
0.4910645480854662
0.4507135426254275
0.5340079663124938
0.39735038539195267
0.40548088655307146
0.44802487559426585
0.49043480436046855
0.47316296956894743
0.4997570009459732
0.611079271802174
0.5828558935783141
0.5642678556917049
0.4533491358710004
0.42007368060314176
0.5232747530179369
0.4973486276021447
0.46681825692752305
0.5454914747837889
0.5096255763536259
0.5723570511658179
0.47838595986956256
0.46749736887160875
0.5069326537371233
0.49158712685020667
0.5126793469411447
0.5632071254747739
0.46742449567499
0.5441245443226084
0.5373790376401623
0.3617521834835033
0.5606982045187134
0.5497580372767773
0.48843823962870064
0.5761262219259423
0.49183146403115613
0.5272701654179619
0.5443669988430024
0.5311384423814854
0.6035824949820425
0.5761741754147786
0.5515403760602374
0.4229222145910431
0.4113827288330757
0.4262769020580505
0.4913330408016522
0.5407090553323793
0.4662113575604544
0.6000707703942603
0.5607702295567939
0.4902424793166855
0.45829607468420813
0.42573915392345596
0.5841803834716922
0.559107211577277
0.43792102441181485
0.49860402254139424
0.49945009364160353
0.4164424902462388
0.41662653544346084
0.5413574650170033
0.5320433345761514
0.4890717348357793
0.5026762841695107
0.5447205061009058
0.4223842690566048
0.5338399409573807
0.4948515659265077
Case #8:
0.44582671670966795
0.5306196319232511
0.4989003110613326
0.46871320173576786
0.3926472664183743
0.47787101660653425
0.5575768731226863
0.5452833863918336
0.5235448103093503
0.5378990245360663
0.5134303151413561
0.5033283284159156
0.3825168390625762
0.5122357969641584
0.519547080527728
0.4055661596479557
0.538273127090651
0.5627299159413026
0.45775784765651417
0.5001431393788333
0.5463858517168289
0.5484433587500142
0.46681888564765694
0.4611067567714091
0.4817258271148692
0.546344337290284
0.5478348112865514
0.4894043975199727
0.4846542038382191
0.5144825347229391
0.5282052973521486
0.5285832158631332
0.40241180291114553
0.43748709142984865
0.47956456027073674
0.5137781820021641
0.5089135768429487
0.5186114760137703
0.38349545069442126
0.5127460341953539
0.4948843864645469
0.47742067780538644
0.5233891782948343
0.44780303741975186
0.4650993357689522
0.6111602954436037
0.5958049839767332
0.5256898950293553
0.4799749224442745
0.5160240703103106
0.517025223951371
0.5065137514371949
0.5376470693781884
0.5537004191467673
0.5442548250018638
0.534331135938959
0.48319686236550125
0.528614826915015
0.4630665585043131
0.5553605561995585
0.4726507466798371
0.4514919507671775
0.5090659921420484
0.41624932527033737
0.4682972711343416
Case #9:
0.5157714724562055
0.5369293159855452
0.4997181328248843
0.5451886694064708
0.4287111827024513
0.5111770921015344
0.5417706290267192
0.558125150941418
0.48348428522551407
0.5197919403829556
0.5219468998997808
0.48503883423232264
0.4947032783889693
0.5327861677990439
0.5500944738086299
0.49735698111094195
0.46596865563323747
0.5656377789030562
0.440272729046284
0.4410282964184915
0.5294449181087947
0.5770979986304129
0.5097598794300132
0.5460770640488666
0.46636985015164695
0.5192116977279264
0.45734571933648316
0.5197028066080575
0.40701172568987476
0.4278065570749904
0.5269365208125392
0.4168947001801274
0.5064513283556359
0.523845359252145
0.5096246131845024
0.5181634015380747
0.44407565442780605
0.45798915758451386
0.46921101368665596
0.41508856986829157
0.523749024501271
0.5374305548434979
0.5328417589037554
0.4488600589741157
0.5047909036426735
0.5179391533152617
0.525190466924949
0.46554152618097544
0.52755885967626
0.5176449525113334
0.5527639067907009
0.45748404951919913
0.42954106861488905
0.5246089348976978
0.43433918580321756
0.5775542523866797
0.5479307430410446
0.5001013932539743
0.5337801961009436
0.48351786748269543
Case #10:
0.5
0.5
0.5
0.5
0.5
0.5
0.5
0.5
0.5
0.5
0.5
0.5
0.5
0.5
0.5
0.5
0.5
0.5
0.5
0.5
0.5
0.5
0.5
0.5
0.5
0.5
0.5
0.5
0.5
0.5
0.5
0.5
0.5
0.5
0.5
0.5
0.5
0.5
0.5
0.5
0.5
0.5
0.5
0.5
0.5
0.5
0.5
0.5
0.5
0.5
0.5
0.5
0.5
0.5
0.5
0.5
0.5
0.5
0.5
0.5
0.5
0.5
0.5
0.5
0.5
0.5
0.5
0.5
0.5
0.5
0.5
0.5
0.5
0.5
0.5
0.5
0.5
0.5
0.5
0.5
0.5
0.5
0.5
0.5
0.5
0.5
0.5
0.5
0.5
0.5
0.5
0.5
0.5
0.5
0.5
0.5
0.5
0.5
0.5
Case #11:
0.48611111111111105
0.5063131313131313
0.3952020202020202
0.5568181818181819
0.4633838383838383
0.5820707070707072
0.571969696969697
0.4709595959595959
0.38762626262626265
0.6224747474747475
0.4381313131313131
0.6123737373737373
0.481060606060606
0.4886363636363636
0.4255050505050505
0.44823232323232315
0.3926767676767677
0.3977272727272727
0.6047979797979799
0.433080808080808
0.4431818181818181
0.42297979797979796
0.5113636363636364
0.4027777777777778
0.5037878787878788
0.5189393939393939
0.6098484848484849
0.5214646464646464
0.39015151515151514
0.5593434343434344
0.4457070707070706
0.48358585858585856
0.428030303030303
0.523989898989899
0.49873737373737376
0.5744949494949496
0.4684343434343434
0.6174242424242424
0.46085858585858575
0.625
0.5366161616161617
0.5467171717171717
0.5946969696969697
0.5138888888888888
0.4154040404040404
0.6022727272727273
0.5643939393939394
0.43560606060606055
0.61489898989899
0.4204545454545454
0.5164141414141414
0.5517676767676768
0.4507575757575757
0.5694444444444445
0.619949494949495
0.4103535353535353
0.37752525252525254
0.5896464646464646
0.49116161616161613
0.41792929292929293
0.3825757575757576
0.5795454545454546
0.5871212121212122
0.4936868686868687
0.44065656565656564
0.5492424242424243
0.4558080808080807
0.375
0.4785353535353535
0.5391414141414141
0.5012626262626263
0.5669191919191919
0.4962121212121212
0.529040404040404
0.4078282828282828
0.5315656565656566
0.5088383838383839
0.5921717171717171
0.4532828282828282
0.45833333333333326
0.41287878787878785
0.47348484848484845
0.5997474747474747
0.476010101010101
0.40025252525252525
0.4053030303030303
0.5340909090909091
0.5618686868686869
0.38510101010101017
0.380050505050505
0.4659090909090909
0.5845959595959596
0.6073232323232323
0.5542929292929293
0.5265151515151515
0.5416666666666666
0.577020202020202
0.4305555555555555
0.5972222222222222
0.5441919191919192
Case #12:
0.5158114306446125
0.4425825797207349
0.5249106158461937
0.5044973203853713
0.4649341138971218
0.4614362810607524
0.5002738774775433
0.4787678964831144
0.4859677561178111
0.5316289082298387
0.55480793587339
0.5156974267544305
0.5103877628599297
0.5550900343693913
0.4830024919509628
0.5156109142539329
0.547911795899838
0.4367804878737396
0.4628035516665936
0.4379308737572263
0.5135591406897734
0.5709576963872213
0.5383484311736506
0.5106795110157138
0.5366588076610639
0.48658377531873354
0.5126819142961703
0.5476108662008285
0.4805926107404962
0.4128964613547893
0.47981452580275386
0.5678439659936074
0.5074547161311249
0.38197560010727283
0.563010019255618
0.5411434549730046
0.5254225255312566
0.5537670791106926
0.468362846436305
0.5631352006972431
0.5358280970922112
0.4839687899667202
0.395606753605337
0.5315829890787165
0.5689233543205413
0.4591796761990301
0.5159444049800262
0.4917635293241035
0.5307660248391182
0.5149685733233148
0.5014503507823368
0.42196572403831717
0.5170196461186489
0.486437682445659
0.5078184527250683
0.5090405336401509
0.4669673709409152
0.48050518214693794
0.48291817870049664
0.49966777373498067
0.519312276403927
0.4597183437094407
0.5559503664214241
0.5200588992415947
0.47523093752637485
0.474081315069644
0.3906826893915806
0.5117574166242955
0.5676626699297342
0.5622336264410497
0.5289126723248938
0.49943608032940656
0.46635323044983024
0.48895704882887425
0.5768934727953492
0.5286517596513642
0.4213032432814865
0.4955233016955687
0.44904860374370265
Case #13:
0.34125
0.4973958333333333
0.7833333333333333
0.43749999999999994
0.4083333333333333
0.5583333333333333
0.6458333333333333
0.6597222222222222
0.6465277777777778
0.75
0.38159722222222225
0.6486111111111111
0.24166666666666664
0.4913194444444444
0.4091666666666667
Case #14:
0.43749999999999994
0.5625
0.43749999999999994
0.5625
0.5
Case #15:
0.5474700772891197
0.45921174355860234
0.541183873884487
0.4979809430048543
0.5334222912406641
0.44972859752412636
0.46362055651559597
0.5296981175950041
0.4868164992476757
0.4058746878588531
0.522045012512784
0.5307123560686372
0.5398453912836414
0.40529734878658613
0.5062604076884162
0.5641006928637801
0.4609628687724027
0.5655394551900478
0.5449938942195829
0.49925474774542894
0.5419415431660837
0.4868155648693566
0.5157722575902233
0.4808667144564398
0.4748108932532808
0.48828848101672084
0.5199434124959504
0.4407173769580771
0.5201686636484183
0.5094488908196182
0.5320440769079788
0.5242716041831721
0.5466384307992954
0.4209087367453574
0.542424820735566
0.47305350439019167
0.49285457007665445
0.5032259146351842
0.5381124007476721
0.4885161346649981
0.5305831875263702
0.41414267609918176
0.496812552472846
0.5281395608468604
0.4238936615446664
0.4969062131285848
0.5545662540090197
0.49997380976368067
0.5174673295926235
0.5476492779898363
0.5365413542161834
0.5547101781948279
0.445510539382167
0.41090685643143654
0.4484692704832531
0.5374867289369059
0.46825376236766086
Case #16:
0.5094192783584259
0.5415776194472055
0.5233742496866232
0.573313436927178
0.4838449022943633
0.557728724452981
0.4955462398961984
0.5427999120825988
0.5187569489714003
0.4811401788984079
0.6050198751116075
0.451092476920273
0.5053767019860235
0.47503226841666624
0.5052364876388361
0.5518895357092046
0.41593733721018805
0.4314097470738826
0.5559904673978117
0.45530050685831686
0.5223376875049596
0.4786175215595124
0.541512577705766
0.5041102343603947
0.43905642623735724
0.43103593284774827
0.4419403754253999
0.5615381389403296
0.5696033504289326
0.5323671640398113
0.5360789692226238
0.5318433720629296
0.5287638633794648
0.517036906150299
0.461780686027052
0.4331080848396344
0.5156982564817871
0.5440018372884031
0.5166650121876176
0.527590183230277
0.45609875506831166
0.47923986480727276
0.4911365523654953
0.4955300342842016
0.48517958215455725
0.4406868503856448
0.5186747974298018
0.508423195398921
0.4021962005558792
0.40850380508410344
0.4928433469482616
Case #17:
0.5184751215104058
0.5650243503328006
0.4793021540694548
0.548843530035714
0.44866058556517935
0.5182443298616306
0.45083044211103934
0.4994798634334738
0.4963133968889101
0.49651757489681503
0.5158747415363787
0.5159253229918725
0.498778151923608
0.4351072372423819
0.43977902169929883
0.4693184916305624
0.4487856397399425
0.544999046726488
0.5434638874553743
0.5013842465768777
0.5101563189173062
0.5483705180077393
0.43943535488770546
0.5251451690143853
0.47309200748386654
0.5394278586898363
0.5541484933789719
0.5214810558625645
0.44842170801599535
0.4107109146777058
0.5349857801171681
0.4135933685343813
0.4195075046030669
0.48118149324461557
0.5345672794442525
0.4301158247450876
0.5290172578914056
0.544065817152075
0.5317965616605952
0.523614902107517
0.4650436711988208
0.5256277559196284
0.5475482340702442
0.4708021367920755
0.5295233693566217
0.5387634990125116
0.5276896600956021
0.4887387831160914
0.5519147022776062
Case #18:
0.3968681991671619
0.48679276181791803
0.5437059607327621
0.5131696048246518
0.5444547460073879
0.46600985774307135
0.5498715986489962
0.5000742863797796
0.5341752925303476
0.5007095280159556
0.5381953935715793
0.5018592751632254
0.5487641618979915
0.5547812523520811
0.5066180674170485
0.5045021033524801
0.4616629034333019
0.42066798839654046
0.5378702707568093
0.5027127497739577
0.5652731100469794
0.50987027448235
0.42279305472240725
0.5413099549443128
0.47727516816679605
0.503515939741794
0.5328000517900422
0.565200362852985
0.47063643563520197
0.5623123913061715
0.4162279360247102
0.4292405195880516
0.5494778920446182
0.5530171505936405
0.48533658675725494
0.523838391691789
0.5180040835417631
0.40318323455075256
0.48641796035939616
0.5243713993090537
0.4977325615994729
0.38412313250512575
0.49115303763301066
0.4166304825293528
0.47819292378031264
0.4336522254382682
0.5464537078954709
0.5324825188729712
0.4853943339354247
0.43489123785433276
0.522069323470521
0.524015708569894
0.49251000924155386
0.5306693427877973
0.4799745536116584
0.5565931043040035
0.4637230291665223
0.47450134954270723
0.5246911646746433
0.5434699208476403
0.5483950706679638
0.47372614883753666
0.5583869993217108
0.5364860869993311
0.5515093809346165
0.563074291946129
0.5400513208547459
0.4089015447710652
0.4470715784488516
0.4458025897393442
0.4916138809493215
0.5339582076519509
0.5617422821724486
0.39135486391922564
0.4927067256489305
0.5071172547350312
0.4653033395842602
0.5278922243513571
0.45617470162588886
0.46451639816903484
0.5390284166028692
0.5377302730623621
0.5142676892019357
0.5677272972953785
0.5237564283258882
0.5578617946235264
0.4935836724762942
0.5548706157652592
0.5269431256327494
0.5327258772424996
0.4107933128347101
0.5090305204169714
0.4882931219987691
0.42287625123360223
0.5177993183770688
0.5371577434109114
0.4902825370555531
0.44441716647785773
0.46694021408388753
0.45172687896896907
Case #19:
0.5578703703703703
0.5104166666666667
0.35055555555555556
0.41666666666666663
0.6305555555555555
0.5939814814814814
0.5958333333333332
0.5416666666666666
0.548611111111111
0.5972222222222222
0.4666666666666667
0.14166666666666666
0.3666666666666667
0.4513888888888889
0.5833333333333333
0.675
0.6041666666666666
0.4887152777777778
0.6536458333333333
0.5416666666666666
0.39305555555555555
0.36597222222222225
0.5510416666666667
0.48125
0.3819444444444444
0.49537037037037035
0.5104166666666666
0.5979166666666667
0.6388888888888888
0.6458333333333334
0.4458333333333333
0.4145833333333333
0.6875
0.47916666666666663
0.5416666666666666
0.8217592592592593
0.2569444444444444
0.3947222222222222
0.35648148148148145
0.6388888888888888
0.43402777777777773
0.4409722222222222
0.4166666666666667
0.40104166666666663
0.4847222222222222
0.40277777777777773
0.5659722222222222
0.6652777777777777
0.42361111111111105
0.6722222222222222
0.5159722222222223
0.27604166666666663
0.4097222222222222
0.2708333333333333
0.45555555555555555
0.5069444444444444
0.5208333333333333
0.1736111111111111
0.23333333333333334
0.6481481481481481
0.3090277777777778
0.5291666666666666
0.4
0.5989583333333333
0.35833333333333334
0.5729166666666666
0.7708333333333333
0.6597222222222222
0.3194444444444444
0.6796296296296297
0.5513888888888889
0.47916666666666663
0.5648148148148148
0.5034722222222222
0.1875
0.4097222222222222
0.5104166666666667
0.48003472222222215
0.4305555555555556
0.703125
0.4458333333333333
0.6166666666666666
0.3541666666666667
0.525
0.5065972222222221
0.3064236111111111
0.773148148148148
0.27476851851851847
0.579861111111111
0.23958333333333334
0.6666666666666666
0.5930555555555556
0.5902777777777777
0.3472222222222222
0.53125
0.7939814814814814
0.6458333333333333
0.7604166666666665
0.875
0.4375
Case #20:
0.625
0.6224747474747475
0.6199494949494949
0.6174242424242424
0.6148989898989898
0.6123737373737373
0.6098484848484849
0.6073232323232323
0.6047979797979798
0.6022727272727273
0.5997474747474747
0.5972222222222222
0.5946969696969697
0.5921717171717171
0.5896464646464646
0.5871212121212122
0.5845959595959596
0.5820707070707071
0.5795454545454546
0.577020202020202
0.5744949494949495
0.571969696969697
0.5694444444444444
0.5669191919191919
0.5643939393939394
0.5618686868686869
0.5593434343434344
0.5568181818181819
0.5542929292929293
0.5517676767676768
0.5492424242424243
0.5467171717171717
0.5441919191919192
0.5416666666666666
0.5391414141414141
0.5366161616161617
0.5340909090909091
0.5315656565656566
0.529040404040404
0.5265151515151515
0.523989898989899
0.5214646464646464
0.5189393939393939
0.5164141414141414
0.5138888888888888
0.5113636363636364
0.5088383838383839
0.5063131313131313
0.5037878787878788
0.5012626262626263
0.49873737373737376
0.4962121212121212
0.4936868686868687
0.49116161616161613
0.48863636363636365
0.4861111111111111
0.48358585858585856
0.4810606060606061
0.47853535353535354
0.476010101010101
0.4734848484848485
0.47095959595959597
0.4684343434343434
0.46590909090909094
0.4633838383838384
0.46085858585858586
0.4583333333333333
0.45580808080808083
0.4532828282828283
0.45075757575757575
0.4482323232323232
0.4457070707070707
0.4431818181818182
0.44065656565656564
0.43813131313131315
0.4356060606060606
0.43308080808080807
0.4305555555555556
0.42803030303030304
0.4255050505050505
0.42297979797979796
0.42045454545454547
0.41792929292929293
0.4154040404040404
0.4128787878787879
0.41035353535353536
0.4078282828282828
0.4053030303030303
0.4027777777777778
0.40025252525252525
0.3977272727272727
0.3952020202020202
0.3926767676767677
0.39015151515151514
0.38762626262626265
0.3851010101010101
0.38257575757575757
0.380050505050505
0.37752525252525254
0.375
